[2022-12-09 23:05:33.138] [jointLog] [info] setting maxHashResizeThreads to 8
[2022-12-09 23:05:33.138] [jointLog] [info] Fragment incompatibility prior below threshold.  Incompatible fragments will be ignored.
[2022-12-09 23:05:33.138] [jointLog] [info] Usage of --validateMappings implies use of minScoreFraction. Since not explicitly specified, it is being set to 0.65
[2022-12-09 23:05:33.138] [jointLog] [info] Setting consensusSlack to selective-alignment default of 0.35.
[2022-12-09 23:05:33.138] [jointLog] [info] parsing read library format
[2022-12-09 23:05:33.138] [jointLog] [info] There is 1 library.
[2022-12-09 23:05:33.140] [jointLog] [info] Loading pufferfish index
[2022-12-09 23:05:33.140] [jointLog] [info] Loading dense pufferfish index.
[2022-12-09 23:06:34.986] [jointLog] [info] done
[2022-12-09 23:06:35.051] [jointLog] [info] Index contained 177651 targets
[2022-12-09 23:06:35.097] [jointLog] [info] Number of decoys : 195
[2022-12-09 23:06:35.097] [jointLog] [info] First decoy index : 177412 
[2022-12-09 23:06:35.862] [jointLog] [info] Automatically detected most likely library type as ISR

[2022-12-09 23:14:58.347] [jointLog] [info] Thread saw mini-batch with a maximum of 2.78% zero probability fragments
[2022-12-09 23:14:58.554] [jointLog] [info] Thread saw mini-batch with a maximum of 2.84% zero probability fragments
[2022-12-09 23:14:58.586] [jointLog] [info] Thread saw mini-batch with a maximum of 2.76% zero probability fragments
[2022-12-09 23:14:58.587] [jointLog] [info] Thread saw mini-batch with a maximum of 2.86% zero probability fragments
[2022-12-09 23:14:58.644] [jointLog] [info] Thread saw mini-batch with a maximum of 2.70% zero probability fragments
[2022-12-09 23:14:58.677] [jointLog] [info] Thread saw mini-batch with a maximum of 2.80% zero probability fragments
[2022-12-09 23:14:58.689] [jointLog] [info] Thread saw mini-batch with a maximum of 2.84% zero probability fragments
[2022-12-09 23:14:58.692] [jointLog] [info] Thread saw mini-batch with a maximum of 2.80% zero probability fragments
[2022-12-09 23:14:58.991] [fileLog] [info] 
At end of round 0
==================
Observed 40113659 total fragments (40113659 in most recent round)

[2022-12-09 23:14:58.990] [jointLog] [info] Computed 438295 rich equivalence classes for further processing
[2022-12-09 23:14:58.990] [jointLog] [info] Counted 22186452 total reads in the equivalence classes 
[2022-12-09 23:14:58.995] [jointLog] [info] Number of mappings discarded because of alignment score : 11810916
[2022-12-09 23:14:58.995] [jointLog] [info] Number of fragments entirely discarded because of alignment score : 9631119
[2022-12-09 23:14:58.995] [jointLog] [info] Number of fragments discarded because they are best-mapped to decoys : 9245638
[2022-12-09 23:14:58.995] [jointLog] [info] Number of fragments discarded because they have only dovetail (discordant) mappings to valid targets : 268893
[2022-12-09 23:14:58.995] [jointLog] [info] Mapping rate = 55.309%

[2022-12-09 23:14:58.995] [jointLog] [info] finished quantifyLibrary()
[2022-12-09 23:14:59.000] [jointLog] [info] Starting optimizer
[2022-12-09 23:14:59.137] [jointLog] [info] Marked 0 weighted equivalence classes as degenerate
[2022-12-09 23:14:59.155] [jointLog] [info] iteration = 0 | max rel diff. = 6901.84
[2022-12-09 23:15:00.927] [jointLog] [info] iteration = 100 | max rel diff. = 14.7209
[2022-12-09 23:15:02.708] [jointLog] [info] iteration = 200 | max rel diff. = 8.01079
[2022-12-09 23:15:04.466] [jointLog] [info] iteration = 300 | max rel diff. = 0.658402
[2022-12-09 23:15:06.230] [jointLog] [info] iteration = 400 | max rel diff. = 3.23688
[2022-12-09 23:15:08.028] [jointLog] [info] iteration = 500 | max rel diff. = 2.2035
[2022-12-09 23:15:09.780] [jointLog] [info] iteration = 600 | max rel diff. = 1.85596
[2022-12-09 23:15:11.538] [jointLog] [info] iteration = 700 | max rel diff. = 0.292264
[2022-12-09 23:15:13.303] [jointLog] [info] iteration = 800 | max rel diff. = 2.13155
[2022-12-09 23:15:15.047] [jointLog] [info] iteration = 900 | max rel diff. = 1.41258
[2022-12-09 23:15:16.807] [jointLog] [info] iteration = 1000 | max rel diff. = 0.64209
[2022-12-09 23:15:18.581] [jointLog] [info] iteration = 1100 | max rel diff. = 15.1225
[2022-12-09 23:15:20.332] [jointLog] [info] iteration = 1200 | max rel diff. = 0.0120797
[2022-12-09 23:15:22.088] [jointLog] [info] iteration = 1300 | max rel diff. = 0.156888
[2022-12-09 23:15:23.861] [jointLog] [info] iteration = 1400 | max rel diff. = 0.018537
[2022-12-09 23:15:25.594] [jointLog] [info] iteration = 1500 | max rel diff. = 0.0146382
[2022-12-09 23:15:27.366] [jointLog] [info] iteration = 1600 | max rel diff. = 0.421798
[2022-12-09 23:15:29.114] [jointLog] [info] iteration = 1700 | max rel diff. = 0.0380228
[2022-12-09 23:15:30.867] [jointLog] [info] iteration = 1800 | max rel diff. = 0.0580831
[2022-12-09 23:15:32.163] [jointLog] [info] iteration = 1874 | max rel diff. = 0.00349212
[2022-12-09 23:15:32.186] [jointLog] [info] Finished optimizer
[2022-12-09 23:15:32.186] [jointLog] [info] writing output 

