[2022-12-09 23:35:03.585] [jointLog] [info] setting maxHashResizeThreads to 8
[2022-12-09 23:35:03.585] [jointLog] [info] Fragment incompatibility prior below threshold.  Incompatible fragments will be ignored.
[2022-12-09 23:35:03.585] [jointLog] [info] Usage of --validateMappings implies use of minScoreFraction. Since not explicitly specified, it is being set to 0.65
[2022-12-09 23:35:03.585] [jointLog] [info] Setting consensusSlack to selective-alignment default of 0.35.
[2022-12-09 23:35:03.585] [jointLog] [info] parsing read library format
[2022-12-09 23:35:03.585] [jointLog] [info] There is 1 library.
[2022-12-09 23:35:03.588] [jointLog] [info] Loading pufferfish index
[2022-12-09 23:35:03.590] [jointLog] [info] Loading dense pufferfish index.
[2022-12-09 23:36:05.072] [jointLog] [info] done
[2022-12-09 23:36:05.129] [jointLog] [info] Index contained 177651 targets
[2022-12-09 23:36:05.174] [jointLog] [info] Number of decoys : 195
[2022-12-09 23:36:05.174] [jointLog] [info] First decoy index : 177412 
[2022-12-09 23:36:05.699] [jointLog] [info] Automatically detected most likely library type as ISR

[2022-12-09 23:41:45.095] [jointLog] [info] Thread saw mini-batch with a maximum of 4.02% zero probability fragments
[2022-12-09 23:41:45.128] [jointLog] [info] Thread saw mini-batch with a maximum of 4.04% zero probability fragments
[2022-12-09 23:41:45.151] [jointLog] [info] Thread saw mini-batch with a maximum of 4.06% zero probability fragments
[2022-12-09 23:41:45.187] [jointLog] [info] Thread saw mini-batch with a maximum of 4.18% zero probability fragments
[2022-12-09 23:41:45.254] [jointLog] [info] Thread saw mini-batch with a maximum of 4.02% zero probability fragments
[2022-12-09 23:41:45.274] [jointLog] [info] Thread saw mini-batch with a maximum of 4.02% zero probability fragments
[2022-12-09 23:41:45.345] [jointLog] [info] Thread saw mini-batch with a maximum of 4.16% zero probability fragments
[2022-12-09 23:41:45.387] [jointLog] [info] Thread saw mini-batch with a maximum of 3.98% zero probability fragments
[2022-12-09 23:41:45.665] [fileLog] [info] 
At end of round 0
==================
Observed 40035978 total fragments (40035978 in most recent round)

[2022-12-09 23:41:45.665] [jointLog] [info] Computed 435939 rich equivalence classes for further processing
[2022-12-09 23:41:45.665] [jointLog] [info] Counted 29959565 total reads in the equivalence classes 
[2022-12-09 23:41:45.672] [jointLog] [info] Number of mappings discarded because of alignment score : 12331234
[2022-12-09 23:41:45.672] [jointLog] [info] Number of fragments entirely discarded because of alignment score : 4800093
[2022-12-09 23:41:45.672] [jointLog] [info] Number of fragments discarded because they are best-mapped to decoys : 4523519
[2022-12-09 23:41:45.672] [jointLog] [info] Number of fragments discarded because they have only dovetail (discordant) mappings to valid targets : 149190
[2022-12-09 23:41:45.672] [jointLog] [info] Mapping rate = 74.8316%

[2022-12-09 23:41:45.672] [jointLog] [info] finished quantifyLibrary()
[2022-12-09 23:41:45.676] [jointLog] [info] Starting optimizer
[2022-12-09 23:41:45.806] [jointLog] [info] Marked 0 weighted equivalence classes as degenerate
[2022-12-09 23:41:45.823] [jointLog] [info] iteration = 0 | max rel diff. = 6754.32
[2022-12-09 23:41:47.635] [jointLog] [info] iteration = 100 | max rel diff. = 19.4707
[2022-12-09 23:41:49.396] [jointLog] [info] iteration = 200 | max rel diff. = 4.34658
[2022-12-09 23:41:51.170] [jointLog] [info] iteration = 300 | max rel diff. = 2.20302
[2022-12-09 23:41:52.954] [jointLog] [info] iteration = 400 | max rel diff. = 16.2001
[2022-12-09 23:41:54.686] [jointLog] [info] iteration = 500 | max rel diff. = 0.381963
[2022-12-09 23:41:56.445] [jointLog] [info] iteration = 600 | max rel diff. = 0.467501
[2022-12-09 23:41:58.212] [jointLog] [info] iteration = 700 | max rel diff. = 0.786867
[2022-12-09 23:41:59.963] [jointLog] [info] iteration = 800 | max rel diff. = 0.100816
[2022-12-09 23:42:01.719] [jointLog] [info] iteration = 900 | max rel diff. = 0.519671
[2022-12-09 23:42:03.480] [jointLog] [info] iteration = 1000 | max rel diff. = 0.0471082
[2022-12-09 23:42:05.231] [jointLog] [info] iteration = 1100 | max rel diff. = 0.0262274
[2022-12-09 23:42:06.995] [jointLog] [info] iteration = 1200 | max rel diff. = 0.0596861
[2022-12-09 23:42:08.757] [jointLog] [info] iteration = 1300 | max rel diff. = 0.102682
[2022-12-09 23:42:10.506] [jointLog] [info] iteration = 1400 | max rel diff. = 0.61417
[2022-12-09 23:42:12.276] [jointLog] [info] iteration = 1500 | max rel diff. = 0.0131453
[2022-12-09 23:42:13.558] [jointLog] [info] iteration = 1574 | max rel diff. = 0.00634199
[2022-12-09 23:42:13.581] [jointLog] [info] Finished optimizer
[2022-12-09 23:42:13.581] [jointLog] [info] writing output 

